0 info it worked if it ends with ok
1 verbose cli [ '/usr/local/bin/node', '/usr/local/bin/npm', 'run', 'test' ]
2 info using npm@3.10.3
3 info using node@v6.3.1
4 verbose run-script [ 'pretest', 'test', 'posttest' ]
5 info lifecycle testing-with-xvfb@0.0.1~pretest: testing-with-xvfb@0.0.1
6 silly lifecycle testing-with-xvfb@0.0.1~pretest: no script for pretest, continuing
7 info lifecycle testing-with-xvfb@0.0.1~test: testing-with-xvfb@0.0.1
8 verbose lifecycle testing-with-xvfb@0.0.1~test: unsafe-perm in lifecycle true
9 verbose lifecycle testing-with-xvfb@0.0.1~test: PATH: /usr/local/lib/node_modules/npm/bin/node-gyp-bin:/Users/mball0001/git/testing-with-xvfb/node_modules/.bin:/usr/local/bin:/Users/mball0001/.rvm/gems/ruby-2.2.2/bin:/Users/mball0001/.rvm/gems/ruby-2.2.2@global/bin:/Users/mball0001/.rvm/rubies/ruby-2.2.2/bin:/usr/local/sbin:/usr/local/heroku/bin:/usr/local/bin:/usr/bin:/bin:/usr/sbin:/sbin:/opt/X11/bin:/Users/mball0001/.rvm/gems/ruby-2.2.2/bin:/Users/mball0001/.rvm/gems/ruby-2.2.2@global/bin:/Users/mball0001/.rvm/rubies/ruby-2.2.2/bin:/usr/local/sbin:/usr/local/heroku/bin:/usr/local/opt/go/libexec/bin:/Users/mball0001/dev/go/bin:/Users/mball0001/.rvm/bin:/opt/vmware/appcatalyst/bin:/usr/local/opt/go/libexec/bin:/Users/mball0001/dev/go/bin:/Users/mball0001/.rvm/bin:/opt/vmware/appcatalyst/bin
10 verbose lifecycle testing-with-xvfb@0.0.1~test: CWD: /Users/mball0001/git/testing-with-xvfb
11 silly lifecycle testing-with-xvfb@0.0.1~test: Args: [ '-c',
11 silly lifecycle   './node_modules/protractor/bin/protractor test/conf.js' ]
12 silly lifecycle testing-with-xvfb@0.0.1~test: Returned: code: 1  signal: null
13 info lifecycle testing-with-xvfb@0.0.1~test: Failed to exec test script
14 verbose stack Error: testing-with-xvfb@0.0.1 test: `./node_modules/protractor/bin/protractor test/conf.js`
14 verbose stack Exit status 1
14 verbose stack     at EventEmitter.<anonymous> (/usr/local/lib/node_modules/npm/lib/utils/lifecycle.js:242:16)
14 verbose stack     at emitTwo (events.js:106:13)
14 verbose stack     at EventEmitter.emit (events.js:191:7)
14 verbose stack     at ChildProcess.<anonymous> (/usr/local/lib/node_modules/npm/lib/utils/spawn.js:40:14)
14 verbose stack     at emitTwo (events.js:106:13)
14 verbose stack     at ChildProcess.emit (events.js:191:7)
14 verbose stack     at maybeClose (internal/child_process.js:852:16)
14 verbose stack     at Process.ChildProcess._handle.onexit (internal/child_process.js:215:5)
15 verbose pkgid testing-with-xvfb@0.0.1
16 verbose cwd /Users/mball0001/git/testing-with-xvfb
17 error Darwin 14.3.0
18 error argv "/usr/local/bin/node" "/usr/local/bin/npm" "run" "test"
19 error node v6.3.1
20 error npm  v3.10.3
21 error code ELIFECYCLE
22 error testing-with-xvfb@0.0.1 test: `./node_modules/protractor/bin/protractor test/conf.js`
22 error Exit status 1
23 error Failed at the testing-with-xvfb@0.0.1 test script './node_modules/protractor/bin/protractor test/conf.js'.
23 error Make sure you have the latest version of node.js and npm installed.
23 error If you do, this is most likely a problem with the testing-with-xvfb package,
23 error not with npm itself.
23 error Tell the author that this fails on your system:
23 error     ./node_modules/protractor/bin/protractor test/conf.js
23 error You can get information on how to open an issue for this project with:
23 error     npm bugs testing-with-xvfb
23 error Or if that isn't available, you can get their info via:
23 error     npm owner ls testing-with-xvfb
23 error There is likely additional logging output above.
24 verbose exit [ 1, true ]
